# JRE version: Java(TM) SE Runtime Environment (9.0+11) (build 9.0.4+11)
# Java VM: Java HotSpot(TM) 64-Bit Server VM (9.0.4+11, mixed mode, tiered, compressed oops, g1 gc, windows-amd64)
Heap:
 garbage-first heap   total 477184K, used 153587K [0x0000000700000000, 0x0000000700100e90, 0x00000007c0000000)
  region size 1024K, 3 young (3072K), 1 survivors (1024K)
 Metaspace       used 97454K, capacity 99587K, committed 103248K, reserved 1138688K
  class space    used 13467K, capacity 13907K, committed 14716K, reserved 1048576K
GC Heap History (10 events):
Event: 537517.367 GC heap before
{Heap before GC invocations=6055 (full 645):
 garbage-first heap   total 477184K, used 157071K [0x0000000700000000, 0x0000000700100e90, 0x00000007c0000000)
  region size 1024K, 6 young (6144K), 0 survivors (0K)
 Metaspace       used 97451K, capacity 99587K, committed 103248K, reserved 1138688K
  class space    used 13467K, capacity 13907K, committed 14716K, reserved 1048576K
}
Event: 537517.639 GC heap after
{Heap after GC invocations=6056 (full 646):
 garbage-first heap   total 477184K, used 151968K [0x0000000700000000, 0x0000000700100e90, 0x00000007c0000000)
  region size 1024K, 0 young (0K), 0 survivors (0K)
 Metaspace       used 97451K, capacity 99587K, committed 103248K, reserved 1138688K
  class space    used 13467K, capacity 13907K, committed 14716K, reserved 1048576K
}
Event: 537518.716 GC heap before
{Heap before GC invocations=6056 (full 646):
 garbage-first heap   total 477184K, used 162208K [0x0000000700000000, 0x0000000700100e90, 0x00000007c0000000)
  region size 1024K, 7 young (7168K), 0 survivors (0K)
 Metaspace       used 97451K, capacity 99587K, committed 103248K, reserved 1138688K
  class space    used 13467K, capacity 13907K, committed 14716K, reserved 1048576K
}
Event: 537518.988 GC heap after
{Heap after GC invocations=6057 (full 647):
 garbage-first heap   total 477184K, used 151963K [0x0000000700000000, 0x0000000700100e90, 0x00000007c0000000)
  region size 1024K, 0 young (0K), 0 survivors (0K)
 Metaspace       used 97451K, capacity 99587K, committed 103248K, reserved 1138688K
  class space    used 13467K, capacity 13907K, committed 14716K, reserved 1048576K
}
Event: 537519.607 GC heap before
{Heap before GC invocations=6057 (full 647):
 garbage-first heap   total 477184K, used 156059K [0x0000000700000000, 0x0000000700100e90, 0x00000007c0000000)
  region size 1024K, 5 young (5120K), 0 survivors (0K)
 Metaspace       used 97451K, capacity 99587K, committed 103248K, reserved 1138688K
  class space    used 13467K, capacity 13907K, committed 14716K, reserved 1048576K
}
Event: 537519.876 GC heap after
{Heap after GC invocations=6058 (full 648):
 garbage-first heap   total 477184K, used 151882K [0x0000000700000000, 0x0000000700100e90, 0x00000007c0000000)
  region size 1024K, 0 young (0K), 0 survivors (0K)
 Metaspace       used 97451K, capacity 99587K, committed 103248K, reserved 1138688K
  class space    used 13467K, capacity 13907K, committed 14716K, reserved 1048576K
}
Event: 537522.222 GC heap before
{Heap before GC invocations=6058 (full 648):
 garbage-first heap   total 477184K, used 170314K [0x0000000700000000, 0x0000000700100e90, 0x00000007c0000000)
  region size 1024K, 19 young (19456K), 0 survivors (0K)
 Metaspace       used 97451K, capacity 99587K, committed 103248K, reserved 1138688K
  class space    used 13467K, capacity 13907K, committed 14716K, reserved 1048576K
}
Event: 537522.496 GC heap after
{Heap after GC invocations=6059 (full 649):
 garbage-first heap   total 477184K, used 152038K [0x0000000700000000, 0x0000000700100e90, 0x00000007c0000000)
  region size 1024K, 0 young (0K), 0 survivors (0K)
 Metaspace       used 97451K, capacity 99587K, committed 103248K, reserved 1138688K
  class space    used 13467K, capacity 13907K, committed 14716K, reserved 1048576K
}
Event: 537524.629 GC heap before
{Heap before GC invocations=6059 (full 649):
 garbage-first heap   total 477184K, used 213478K [0x0000000700000000, 0x0000000700100e90, 0x00000007c0000000)
  region size 1024K, 60 young (61440K), 0 survivors (0K)
 Metaspace       used 97454K, capacity 99587K, committed 103248K, reserved 1138688K
  class space    used 13467K, capacity 13907K, committed 14716K, reserved 1048576K
}
Event: 537524.632 GC heap after
{Heap after GC invocations=6060 (full 649):
 garbage-first heap   total 477184K, used 152563K [0x0000000700000000, 0x0000000700100e90, 0x00000007c0000000)
  region size 1024K, 1 young (1024K), 1 survivors (1024K)
 Metaspace       used 97454K, capacity 99587K, committed 103248K, reserved 1138688K
  class space    used 13467K, capacity 13907K, committed 14716K, reserved 1048576K
}

